-------------------------------------------------------------------------------
Test set: com.softgen.apawebapp.ApawebappApplicationTests
-------------------------------------------------------------------------------
Tests run: 1, Failures: 0, Errors: 1, Skipped: 0, Time elapsed: 7.035 s <<< FAILURE! - in com.softgen.apawebapp.ApawebappApplicationTests
contextLoads(com.softgen.apawebapp.ApawebappApplicationTests)  Time elapsed: 0.001 s  <<< ERROR!
java.lang.IllegalStateException: Failed to load ApplicationContext
Caused by: org.springframework.beans.factory.UnsatisfiedDependencyException: Error creating bean with name 'localisationController': Unsatisfied dependency expressed through field 'ressourceForestiereRepository'; nested exception is org.springframework.beans.factory.BeanCreationException: Error creating bean with name 'ressourceForestiereRepository': Invocation of init method failed; nested exception is java.lang.IllegalArgumentException: Failed to create query for method public abstract com.softgen.apawebapp.model.RessourceForestiere com.softgen.apawebapp.repository.RessourceForestiereRepository.findOne(long)! No property findOne found for type RessourceForestiere!
Caused by: org.springframework.beans.factory.BeanCreationException: Error creating bean with name 'ressourceForestiereRepository': Invocation of init method failed; nested exception is java.lang.IllegalArgumentException: Failed to create query for method public abstract com.softgen.apawebapp.model.RessourceForestiere com.softgen.apawebapp.repository.RessourceForestiereRepository.findOne(long)! No property findOne found for type RessourceForestiere!
Caused by: java.lang.IllegalArgumentException: Failed to create query for method public abstract com.softgen.apawebapp.model.RessourceForestiere com.softgen.apawebapp.repository.RessourceForestiereRepository.findOne(long)! No property findOne found for type RessourceForestiere!
Caused by: org.springframework.data.mapping.PropertyReferenceException: No property findOne found for type RessourceForestiere!

