<?xml version="1.0" encoding="UTF-8"?>
<testsuite xmlns:xsi="http://www.w3.org/2001/XMLSchema-instance" xsi:noNamespaceSchemaLocation="https://maven.apache.org/surefire/maven-surefire-plugin/xsd/surefire-test-report.xsd" name="com.softgen.apawebapp.ApawebappApplicationTests" time="7.035" tests="1" errors="1" skipped="0" failures="0">
  <properties>
[...]
</properties>
  <testcase name="contextLoads" classname="com.softgen.apawebapp.ApawebappApplicationTests" time="0.001">
    <error message="Failed to load ApplicationContext" type="java.lang.IllegalStateException">java.lang.IllegalStateException: Failed to load ApplicationContext
Caused by: org.springframework.beans.factory.UnsatisfiedDependencyException: Error creating bean with name 'localisationController': Unsatisfied dependency expressed through field 'ressourceForestiereRepository'; nested exception is org.springframework.beans.factory.BeanCreationException: Error creating bean with name 'ressourceForestiereRepository': Invocation of init method failed; nested exception is java.lang.IllegalArgumentException: Failed to create query for method public abstract com.softgen.apawebapp.model.RessourceForestiere com.softgen.apawebapp.repository.RessourceForestiereRepository.findOne(long)! No property findOne found for type RessourceForestiere!
Caused by: org.springframework.beans.factory.BeanCreationException: Error creating bean with name 'ressourceForestiereRepository': Invocation of init method failed; nested exception is java.lang.IllegalArgumentException: Failed to create query for method public abstract com.softgen.apawebapp.model.RessourceForestiere com.softgen.apawebapp.repository.RessourceForestiereRepository.findOne(long)! No property findOne found for type RessourceForestiere!
Caused by: java.lang.IllegalArgumentException: Failed to create query for method public abstract com.softgen.apawebapp.model.RessourceForestiere com.softgen.apawebapp.repository.RessourceForestiereRepository.findOne(long)! No property findOne found for type RessourceForestiere!
Caused by: org.springframework.data.mapping.PropertyReferenceException: No property findOne found for type RessourceForestiere!
</error>
    <system-out><![CDATA[00:23:47.236 [main] DEBUG org.springframework.test.context.junit4.SpringJUnit4ClassRunner - SpringJUnit4ClassRunner constructor called with [class com.softgen.apawebapp.ApawebappApplicationTests]
00:23:47.244 [main] DEBUG org.springframework.test.context.BootstrapUtils - Instantiating CacheAwareContextLoaderDelegate from class [org.springframework.test.context.cache.DefaultCacheAwareContextLoaderDelegate]
00:23:47.256 [main] DEBUG org.springframework.test.context.BootstrapUtils - Instantiating BootstrapContext using constructor [public org.springframework.test.context.support.DefaultBootstrapContext(java.lang.Class,org.springframework.test.context.CacheAwareContextLoaderDelegate)]
00:23:47.281 [main] DEBUG org.springframework.test.context.BootstrapUtils - Instantiating TestContextBootstrapper for test class [com.softgen.apawebapp.ApawebappApplicationTests] from class [org.springframework.boot.test.context.SpringBootTestContextBootstrapper]
00:23:47.301 [main] INFO org.springframework.boot.test.context.SpringBootTestContextBootstrapper - Neither @ContextConfiguration nor @ContextHierarchy found for test class [com.softgen.apawebapp.ApawebappApplicationTests], using SpringBootContextLoader
00:23:47.305 [main] DEBUG org.springframework.test.context.support.AbstractContextLoader - Did not detect default resource location for test class [com.softgen.apawebapp.ApawebappApplicationTests]: class path resource [com/softgen/apawebapp/ApawebappApplicationTests-context.xml] does not exist
00:23:47.306 [main] DEBUG org.springframework.test.context.support.AbstractContextLoader - Did not detect default resource location for test class [com.softgen.apawebapp.ApawebappApplicationTests]: class path resource [com/softgen/apawebapp/ApawebappApplicationTestsContext.groovy] does not exist
00:23:47.308 [main] INFO org.springframework.test.context.support.AbstractContextLoader - Could not detect default resource locations for test class [com.softgen.apawebapp.ApawebappApplicationTests]: no resource found for suffixes {-context.xml, Context.groovy}.
00:23:47.309 [main] INFO org.springframework.test.context.support.AnnotationConfigContextLoaderUtils - Could not detect default configuration classes for test class [com.softgen.apawebapp.ApawebappApplicationTests]: ApawebappApplicationTests does not declare any static, non-private, non-final, nested classes annotated with @Configuration.
00:23:47.369 [main] DEBUG org.springframework.test.context.support.ActiveProfilesUtils - Could not find an 'annotation declaring class' for annotation type [org.springframework.test.context.ActiveProfiles] and class [com.softgen.apawebapp.ApawebappApplicationTests]
00:23:47.475 [main] DEBUG org.springframework.context.annotation.ClassPathScanningCandidateComponentProvider - Identified candidate component class: file [C:\Users\lenovo\Downloads\apawebapp\apawebapp\target\classes\com\softgen\apawebapp\ApawebappApplication.class]
00:23:47.478 [main] INFO org.springframework.boot.test.context.SpringBootTestContextBootstrapper - Found @SpringBootConfiguration com.softgen.apawebapp.ApawebappApplication for test class com.softgen.apawebapp.ApawebappApplicationTests
00:23:47.595 [main] DEBUG org.springframework.boot.test.context.SpringBootTestContextBootstrapper - @TestExecutionListeners is not present for class [com.softgen.apawebapp.ApawebappApplicationTests]: using defaults.
00:23:47.596 [main] INFO org.springframework.boot.test.context.SpringBootTestContextBootstrapper - Loaded default TestExecutionListener class names from location [META-INF/spring.factories]: [org.springframework.boot.test.mock.mockito.MockitoTestExecutionListener, org.springframework.boot.test.mock.mockito.ResetMocksTestExecutionListener, org.springframework.boot.test.autoconfigure.restdocs.RestDocsTestExecutionListener, org.springframework.boot.test.autoconfigure.web.client.MockRestServiceServerResetTestExecutionListener, org.springframework.boot.test.autoconfigure.web.servlet.MockMvcPrintOnlyOnFailureTestExecutionListener, org.springframework.boot.test.autoconfigure.web.servlet.WebDriverTestExecutionListener, org.springframework.test.context.web.ServletTestExecutionListener, org.springframework.test.context.support.DirtiesContextBeforeModesTestExecutionListener, org.springframework.test.context.support.DependencyInjectionTestExecutionListener, org.springframework.test.context.support.DirtiesContextTestExecutionListener, org.springframework.test.context.transaction.TransactionalTestExecutionListener, org.springframework.test.context.jdbc.SqlScriptsTestExecutionListener]
00:23:47.627 [main] INFO org.springframework.boot.test.context.SpringBootTestContextBootstrapper - Using TestExecutionListeners: [org.springframework.test.context.web.ServletTestExecutionListener@747ddf94, org.springframework.test.context.support.DirtiesContextBeforeModesTestExecutionListener@35e2d654, org.springframework.boot.test.mock.mockito.MockitoTestExecutionListener@1bd4fdd, org.springframework.boot.test.autoconfigure.SpringBootDependencyInjectionTestExecutionListener@55183b20, org.springframework.test.context.support.DirtiesContextTestExecutionListener@4f83df68, org.springframework.test.context.transaction.TransactionalTestExecutionListener@6cf0e0ba, org.springframework.test.context.jdbc.SqlScriptsTestExecutionListener@7d8995e, org.springframework.boot.test.mock.mockito.ResetMocksTestExecutionListener@130d63be, org.springframework.boot.test.autoconfigure.restdocs.RestDocsTestExecutionListener@42a48628, org.springframework.boot.test.autoconfigure.web.client.MockRestServiceServerResetTestExecutionListener@293a5bf6, org.springframework.boot.test.autoconfigure.web.servlet.MockMvcPrintOnlyOnFailureTestExecutionListener@6aeb35e6, org.springframework.boot.test.autoconfigure.web.servlet.WebDriverTestExecutionListener@1283bb96]
00:23:47.655 [main] DEBUG org.springframework.test.annotation.ProfileValueUtils - Retrieved @ProfileValueSourceConfiguration [null] for test class [com.softgen.apawebapp.ApawebappApplicationTests]
00:23:47.656 [main] DEBUG org.springframework.test.annotation.ProfileValueUtils - Retrieved ProfileValueSource type [class org.springframework.test.annotation.SystemProfileValueSource] for class [com.softgen.apawebapp.ApawebappApplicationTests]
00:23:47.658 [main] DEBUG org.springframework.test.annotation.ProfileValueUtils - Retrieved @ProfileValueSourceConfiguration [null] for test class [com.softgen.apawebapp.ApawebappApplicationTests]
00:23:47.663 [main] DEBUG org.springframework.test.annotation.ProfileValueUtils - Retrieved ProfileValueSource type [class org.springframework.test.annotation.SystemProfileValueSource] for class [com.softgen.apawebapp.ApawebappApplicationTests]
00:23:47.675 [main] DEBUG org.springframework.test.annotation.ProfileValueUtils - Retrieved @ProfileValueSourceConfiguration [null] for test class [com.softgen.apawebapp.ApawebappApplicationTests]
00:23:47.684 [main] DEBUG org.springframework.test.annotation.ProfileValueUtils - Retrieved ProfileValueSource type [class org.springframework.test.annotation.SystemProfileValueSource] for class [com.softgen.apawebapp.ApawebappApplicationTests]
00:23:47.700 [main] DEBUG org.springframework.test.context.support.AbstractDirtiesContextTestExecutionListener - Before test class: context [DefaultTestContext@a1153bc testClass = ApawebappApplicationTests, testInstance = [null], testMethod = [null], testException = [null], mergedContextConfiguration = [WebMergedContextConfiguration@1aafa419 testClass = ApawebappApplicationTests, locations = '{}', classes = '{class com.softgen.apawebapp.ApawebappApplication}', contextInitializerClasses = '[]', activeProfiles = '{}', propertySourceLocations = '{}', propertySourceProperties = '{org.springframework.boot.test.context.SpringBootTestContextBootstrapper=true}', contextCustomizers = set[org.springframework.boot.test.context.filter.ExcludeFilterContextCustomizer@77f99a05, org.springframework.boot.test.json.DuplicateJsonObjectContextCustomizerFactory$DuplicateJsonObjectContextCustomizer@76a3e297, org.springframework.boot.test.mock.mockito.MockitoContextCustomizer@0, org.springframework.boot.test.web.client.TestRestTemplateContextCustomizer@33723e30, org.springframework.boot.test.autoconfigure.properties.PropertyMappingContextCustomizer@0, org.springframework.boot.test.autoconfigure.web.servlet.WebDriverContextCustomizerFactory$Customizer@396e2f39], resourceBasePath = 'src/main/webapp', contextLoader = 'org.springframework.boot.test.context.SpringBootContextLoader', parent = [null]], attributes = map['org.springframework.test.context.web.ServletTestExecutionListener.activateListener' -> true]], class annotated with @DirtiesContext [false] with mode [null].
00:23:47.709 [main] DEBUG org.springframework.test.annotation.ProfileValueUtils - Retrieved @ProfileValueSourceConfiguration [null] for test class [com.softgen.apawebapp.ApawebappApplicationTests]
00:23:47.710 [main] DEBUG org.springframework.test.annotation.ProfileValueUtils - Retrieved ProfileValueSource type [class org.springframework.test.annotation.SystemProfileValueSource] for class [com.softgen.apawebapp.ApawebappApplicationTests]
00:23:47.745 [main] DEBUG org.springframework.test.context.support.TestPropertySourceUtils - Adding inlined properties to environment: {spring.jmx.enabled=false, org.springframework.boot.test.context.SpringBootTestContextBootstrapper=true, server.port=-1}

  .   ____          _            __ _ _
 /\\ / ___'_ __ _ _(_)_ __  __ _ \ \ \ \
( ( )\___ | '_ | '_| | '_ \/ _` | \ \ \ \
 \\/  ___)| |_)| | | | | || (_| |  ) ) ) )
  '  |____| .__|_| |_|_| |_\__, | / / / /
 =========|_|==============|___/=/_/_/_/
 :: Spring Boot ::        (v2.1.8.RELEASE)

2019-09-20 00:23:48.134  INFO 2208 --- [           main] c.s.apawebapp.ApawebappApplicationTests  : Starting ApawebappApplicationTests on DESKTOP-NDNCLLJ with PID 2208 (started by lenovo in C:\Users\lenovo\Downloads\apawebapp\apawebapp)
2019-09-20 00:23:48.138  INFO 2208 --- [           main] c.s.apawebapp.ApawebappApplicationTests  : No active profile set, falling back to default profiles: default
2019-09-20 00:23:49.706  INFO 2208 --- [           main] .s.d.r.c.RepositoryConfigurationDelegate : Bootstrapping Spring Data repositories in DEFAULT mode.
2019-09-20 00:23:49.966  INFO 2208 --- [           main] .s.d.r.c.RepositoryConfigurationDelegate : Finished Spring Data repository scanning in 236ms. Found 7 repository interfaces.
2019-09-20 00:23:50.736  INFO 2208 --- [           main] trationDelegate$BeanPostProcessorChecker : Bean 'org.springframework.transaction.annotation.ProxyTransactionManagementConfiguration' of type [org.springframework.transaction.annotation.ProxyTransactionManagementConfiguration$$EnhancerBySpringCGLIB$$aa33c2d8] is not eligible for getting processed by all BeanPostProcessors (for example: not eligible for auto-proxying)
2019-09-20 00:23:51.139  INFO 2208 --- [           main] com.zaxxer.hikari.HikariDataSource       : HikariPool-1 - Starting...
2019-09-20 00:23:51.428  INFO 2208 --- [           main] com.zaxxer.hikari.HikariDataSource       : HikariPool-1 - Start completed.
2019-09-20 00:23:51.514  INFO 2208 --- [           main] o.hibernate.jpa.internal.util.LogHelper  : HHH000204: Processing PersistenceUnitInfo [
	name: default
	...]
2019-09-20 00:23:51.656  INFO 2208 --- [           main] org.hibernate.Version                    : HHH000412: Hibernate Core {5.3.11.Final}
2019-09-20 00:23:51.659  INFO 2208 --- [           main] org.hibernate.cfg.Environment            : HHH000206: hibernate.properties not found
2019-09-20 00:23:51.906  INFO 2208 --- [           main] o.hibernate.annotations.common.Version   : HCANN000001: Hibernate Commons Annotations {5.0.4.Final}
2019-09-20 00:23:52.126  INFO 2208 --- [           main] org.hibernate.dialect.Dialect            : HHH000400: Using dialect: org.hibernate.dialect.PostgreSQLDialect
2019-09-20 00:23:52.154  INFO 2208 --- [           main] o.h.e.j.e.i.LobCreatorBuilderImpl        : HHH000422: Disabling contextual LOB creation as connection was null
2019-09-20 00:23:52.165  INFO 2208 --- [           main] org.hibernate.type.BasicTypeRegistry     : HHH000270: Type registration [java.util.UUID] overrides previous : org.hibernate.type.UUIDBinaryType@43f1bb92
2019-09-20 00:23:53.388  INFO 2208 --- [           main] j.LocalContainerEntityManagerFactoryBean : Initialized JPA EntityManagerFactory for persistence unit 'default'
2019-09-20 00:23:53.839  WARN 2208 --- [           main] o.s.w.c.s.GenericWebApplicationContext   : Exception encountered during context initialization - cancelling refresh attempt: org.springframework.beans.factory.UnsatisfiedDependencyException: Error creating bean with name 'localisationController': Unsatisfied dependency expressed through field 'ressourceForestiereRepository'; nested exception is org.springframework.beans.factory.BeanCreationException: Error creating bean with name 'ressourceForestiereRepository': Invocation of init method failed; nested exception is java.lang.IllegalArgumentException: Failed to create query for method public abstract com.softgen.apawebapp.model.RessourceForestiere com.softgen.apawebapp.repository.RessourceForestiereRepository.findOne(long)! No property findOne found for type RessourceForestiere!
2019-09-20 00:23:53.840  INFO 2208 --- [           main] j.LocalContainerEntityManagerFactoryBean : Closing JPA EntityManagerFactory for persistence unit 'default'
2019-09-20 00:23:53.843  INFO 2208 --- [           main] com.zaxxer.hikari.HikariDataSource       : HikariPool-1 - Shutdown initiated...
2019-09-20 00:23:53.853  INFO 2208 --- [           main] com.zaxxer.hikari.HikariDataSource       : HikariPool-1 - Shutdown completed.
2019-09-20 00:23:53.870  INFO 2208 --- [           main] ConditionEvaluationReportLoggingListener : 

Error starting ApplicationContext. To display the conditions report re-run your application with 'debug' enabled.
2019-09-20 00:23:53.886 ERROR 2208 --- [           main] o.s.boot.SpringApplication               : Application run failed

org.springframework.beans.factory.UnsatisfiedDependencyException: Error creating bean with name 'localisationController': Unsatisfied dependency expressed through field 'ressourceForestiereRepository'; nested exception is org.springframework.beans.factory.BeanCreationException: Error creating bean with name 'ressourceForestiereRepository': Invocation of init method failed; nested exception is java.lang.IllegalArgumentException: Failed to create query for method public abstract com.softgen.apawebapp.model.RessourceForestiere com.softgen.apawebapp.repository.RessourceForestiereRepository.findOne(long)! No property findOne found for type RessourceForestiere!
	at org.springframework.beans.factory.annotation.AutowiredAnnotationBeanPostProcessor$AutowiredFieldElement.inject(AutowiredAnnotationBeanPostProcessor.java:596) ~[spring-beans-5.1.9.RELEASE.jar:5.1.9.RELEASE]
	at org.springframework.beans.factory.annotation.InjectionMetadata.inject(InjectionMetadata.java:90) ~[spring-beans-5.1.9.RELEASE.jar:5.1.9.RELEASE]
	at org.springframework.beans.factory.annotation.AutowiredAnnotationBeanPostProcessor.postProcessProperties(AutowiredAnnotationBeanPostProcessor.java:374) ~[spring-beans-5.1.9.RELEASE.jar:5.1.9.RELEASE]
	at org.springframework.beans.factory.support.AbstractAutowireCapableBeanFactory.populateBean(AbstractAutowireCapableBeanFactory.java:1411) ~[spring-beans-5.1.9.RELEASE.jar:5.1.9.RELEASE]
	at org.springframework.beans.factory.support.AbstractAutowireCapableBeanFactory.doCreateBean(AbstractAutowireCapableBeanFactory.java:592) ~[spring-beans-5.1.9.RELEASE.jar:5.1.9.RELEASE]
	at org.springframework.beans.factory.support.AbstractAutowireCapableBeanFactory.createBean(AbstractAutowireCapableBeanFactory.java:515) ~[spring-beans-5.1.9.RELEASE.jar:5.1.9.RELEASE]
	at org.springframework.beans.factory.support.AbstractBeanFactory.lambda$doGetBean$0(AbstractBeanFactory.java:320) ~[spring-beans-5.1.9.RELEASE.jar:5.1.9.RELEASE]
	at org.springframework.beans.factory.support.DefaultSingletonBeanRegistry.getSingleton(DefaultSingletonBeanRegistry.java:222) ~[spring-beans-5.1.9.RELEASE.jar:5.1.9.RELEASE]
	at org.springframework.beans.factory.support.AbstractBeanFactory.doGetBean(AbstractBeanFactory.java:318) ~[spring-beans-5.1.9.RELEASE.jar:5.1.9.RELEASE]
	at org.springframework.beans.factory.support.AbstractBeanFactory.getBean(AbstractBeanFactory.java:199) ~[spring-beans-5.1.9.RELEASE.jar:5.1.9.RELEASE]
	at org.springframework.beans.factory.support.DefaultListableBeanFactory.preInstantiateSingletons(DefaultListableBeanFactory.java:845) ~[spring-beans-5.1.9.RELEASE.jar:5.1.9.RELEASE]
	at org.springframework.context.support.AbstractApplicationContext.finishBeanFactoryInitialization(AbstractApplicationContext.java:877) ~[spring-context-5.1.9.RELEASE.jar:5.1.9.RELEASE]
	at org.springframework.context.support.AbstractApplicationContext.refresh(AbstractApplicationContext.java:549) ~[spring-context-5.1.9.RELEASE.jar:5.1.9.RELEASE]
	at org.springframework.boot.SpringApplication.refresh(SpringApplication.java:744) ~[spring-boot-2.1.8.RELEASE.jar:2.1.8.RELEASE]
	at org.springframework.boot.SpringApplication.refreshContext(SpringApplication.java:391) ~[spring-boot-2.1.8.RELEASE.jar:2.1.8.RELEASE]
	at org.springframework.boot.SpringApplication.run(SpringApplication.java:312) ~[spring-boot-2.1.8.RELEASE.jar:2.1.8.RELEASE]
	at org.springframework.boot.test.context.SpringBootContextLoader.loadContext(SpringBootContextLoader.java:120) [spring-boot-test-2.1.8.RELEASE.jar:2.1.8.RELEASE]
	at org.springframework.test.context.cache.DefaultCacheAwareContextLoaderDelegate.loadContextInternal(DefaultCacheAwareContextLoaderDelegate.java:99) [spring-test-5.1.9.RELEASE.jar:5.1.9.RELEASE]
	at org.springframework.test.context.cache.DefaultCacheAwareContextLoaderDelegate.loadContext(DefaultCacheAwareContextLoaderDelegate.java:117) [spring-test-5.1.9.RELEASE.jar:5.1.9.RELEASE]
	at org.springframework.test.context.support.DefaultTestContext.getApplicationContext(DefaultTestContext.java:108) [spring-test-5.1.9.RELEASE.jar:5.1.9.RELEASE]
	at org.springframework.test.context.web.ServletTestExecutionListener.setUpRequestContextIfNecessary(ServletTestExecutionListener.java:190) [spring-test-5.1.9.RELEASE.jar:5.1.9.RELEASE]
	at org.springframework.test.context.web.ServletTestExecutionListener.prepareTestInstance(ServletTestExecutionListener.java:132) [spring-test-5.1.9.RELEASE.jar:5.1.9.RELEASE]
	at org.springframework.test.context.TestContextManager.prepareTestInstance(TestContextManager.java:246) [spring-test-5.1.9.RELEASE.jar:5.1.9.RELEASE]
	at org.springframework.test.context.junit4.SpringJUnit4ClassRunner.createTest(SpringJUnit4ClassRunner.java:227) [spring-test-5.1.9.RELEASE.jar:5.1.9.RELEASE]
	at org.springframework.test.context.junit4.SpringJUnit4ClassRunner$1.runReflectiveCall(SpringJUnit4ClassRunner.java:289) [spring-test-5.1.9.RELEASE.jar:5.1.9.RELEASE]
	at org.junit.internal.runners.model.ReflectiveCallable.run(ReflectiveCallable.java:12) [junit-4.12.jar:4.12]
	at org.springframework.test.context.junit4.SpringJUnit4ClassRunner.methodBlock(SpringJUnit4ClassRunner.java:291) [spring-test-5.1.9.RELEASE.jar:5.1.9.RELEASE]
	at org.springframework.test.context.junit4.SpringJUnit4ClassRunner.runChild(SpringJUnit4ClassRunner.java:246) [spring-test-5.1.9.RELEASE.jar:5.1.9.RELEASE]
	at org.springframework.test.context.junit4.SpringJUnit4ClassRunner.runChild(SpringJUnit4ClassRunner.java:97) [spring-test-5.1.9.RELEASE.jar:5.1.9.RELEASE]
	at org.junit.runners.ParentRunner$3.run(ParentRunner.java:290) [junit-4.12.jar:4.12]
	at org.junit.runners.ParentRunner$1.schedule(ParentRunner.java:71) [junit-4.12.jar:4.12]
	at org.junit.runners.ParentRunner.runChildren(ParentRunner.java:288) [junit-4.12.jar:4.12]
	at org.junit.runners.ParentRunner.access$000(ParentRunner.java:58) [junit-4.12.jar:4.12]
	at org.junit.runners.ParentRunner$2.evaluate(ParentRunner.java:268) [junit-4.12.jar:4.12]
	at org.springframework.test.context.junit4.statements.RunBeforeTestClassCallbacks.evaluate(RunBeforeTestClassCallbacks.java:61) [spring-test-5.1.9.RELEASE.jar:5.1.9.RELEASE]
	at org.springframework.test.context.junit4.statements.RunAfterTestClassCallbacks.evaluate(RunAfterTestClassCallbacks.java:70) [spring-test-5.1.9.RELEASE.jar:5.1.9.RELEASE]
	at org.junit.runners.ParentRunner.run(ParentRunner.java:363) [junit-4.12.jar:4.12]
	at org.springframework.test.context.junit4.SpringJUnit4ClassRunner.run(SpringJUnit4ClassRunner.java:190) [spring-test-5.1.9.RELEASE.jar:5.1.9.RELEASE]
	at org.apache.maven.surefire.junit4.JUnit4Provider.execute(JUnit4Provider.java:365) [surefire-junit4-2.22.2.jar:2.22.2]
	at org.apache.maven.surefire.junit4.JUnit4Provider.executeWithRerun(JUnit4Provider.java:273) [surefire-junit4-2.22.2.jar:2.22.2]
	at org.apache.maven.surefire.junit4.JUnit4Provider.executeTestSet(JUnit4Provider.java:238) [surefire-junit4-2.22.2.jar:2.22.2]
	at org.apache.maven.surefire.junit4.JUnit4Provider.invoke(JUnit4Provider.java:159) [surefire-junit4-2.22.2.jar:2.22.2]
	at org.apache.maven.surefire.booter.ForkedBooter.invokeProviderInSameClassLoader(ForkedBooter.java:384) [surefire-booter-2.22.2.jar:2.22.2]
	at org.apache.maven.surefire.booter.ForkedBooter.runSuitesInProcess(ForkedBooter.java:345) [surefire-booter-2.22.2.jar:2.22.2]
	at org.apache.maven.surefire.booter.ForkedBooter.execute(ForkedBooter.java:126) [surefire-booter-2.22.2.jar:2.22.2]
	at org.apache.maven.surefire.booter.ForkedBooter.main(ForkedBooter.java:418) [surefire-booter-2.22.2.jar:2.22.2]
Caused by: org.springframework.beans.factory.BeanCreationException: Error creating bean with name 'ressourceForestiereRepository': Invocation of init method failed; nested exception is java.lang.IllegalArgumentException: Failed to create query for method public abstract com.softgen.apawebapp.model.RessourceForestiere com.softgen.apawebapp.repository.RessourceForestiereRepository.findOne(long)! No property findOne found for type RessourceForestiere!
	at org.springframework.beans.factory.support.AbstractAutowireCapableBeanFactory.initializeBean(AbstractAutowireCapableBeanFactory.java:1778) ~[spring-beans-5.1.9.RELEASE.jar:5.1.9.RELEASE]
	at org.springframework.beans.factory.support.AbstractAutowireCapableBeanFactory.doCreateBean(AbstractAutowireCapableBeanFactory.java:593) ~[spring-beans-5.1.9.RELEASE.jar:5.1.9.RELEASE]
	at org.springframework.beans.factory.support.AbstractAutowireCapableBeanFactory.createBean(AbstractAutowireCapableBeanFactory.java:515) ~[spring-beans-5.1.9.RELEASE.jar:5.1.9.RELEASE]
	at org.springframework.beans.factory.support.AbstractBeanFactory.lambda$doGetBean$0(AbstractBeanFactory.java:320) ~[spring-beans-5.1.9.RELEASE.jar:5.1.9.RELEASE]
	at org.springframework.beans.factory.support.DefaultSingletonBeanRegistry.getSingleton(DefaultSingletonBeanRegistry.java:222) ~[spring-beans-5.1.9.RELEASE.jar:5.1.9.RELEASE]
	at org.springframework.beans.factory.support.AbstractBeanFactory.doGetBean(AbstractBeanFactory.java:318) ~[spring-beans-5.1.9.RELEASE.jar:5.1.9.RELEASE]
	at org.springframework.beans.factory.support.AbstractBeanFactory.getBean(AbstractBeanFactory.java:199) ~[spring-beans-5.1.9.RELEASE.jar:5.1.9.RELEASE]
	at org.springframework.beans.factory.config.DependencyDescriptor.resolveCandidate(DependencyDescriptor.java:277) ~[spring-beans-5.1.9.RELEASE.jar:5.1.9.RELEASE]
	at org.springframework.beans.factory.support.DefaultListableBeanFactory.doResolveDependency(DefaultListableBeanFactory.java:1251) ~[spring-beans-5.1.9.RELEASE.jar:5.1.9.RELEASE]
	at org.springframework.beans.factory.support.DefaultListableBeanFactory.resolveDependency(DefaultListableBeanFactory.java:1171) ~[spring-beans-5.1.9.RELEASE.jar:5.1.9.RELEASE]
	at org.springframework.beans.factory.annotation.AutowiredAnnotationBeanPostProcessor$AutowiredFieldElement.inject(AutowiredAnnotationBeanPostProcessor.java:593) ~[spring-beans-5.1.9.RELEASE.jar:5.1.9.RELEASE]
	... 45 common frames omitted
Caused by: java.lang.IllegalArgumentException: Failed to create query for method public abstract com.softgen.apawebapp.model.RessourceForestiere com.softgen.apawebapp.repository.RessourceForestiereRepository.findOne(long)! No property findOne found for type RessourceForestiere!
	at org.springframework.data.jpa.repository.query.PartTreeJpaQuery.<init>(PartTreeJpaQuery.java:84) ~[spring-data-jpa-2.1.10.RELEASE.jar:2.1.10.RELEASE]
	at org.springframework.data.jpa.repository.query.JpaQueryLookupStrategy$CreateQueryLookupStrategy.resolveQuery(JpaQueryLookupStrategy.java:106) ~[spring-data-jpa-2.1.10.RELEASE.jar:2.1.10.RELEASE]
	at org.springframework.data.jpa.repository.query.JpaQueryLookupStrategy$CreateIfNotFoundQueryLookupStrategy.resolveQuery(JpaQueryLookupStrategy.java:211) ~[spring-data-jpa-2.1.10.RELEASE.jar:2.1.10.RELEASE]
	at org.springframework.data.jpa.repository.query.JpaQueryLookupStrategy$AbstractQueryLookupStrategy.resolveQuery(JpaQueryLookupStrategy.java:79) ~[spring-data-jpa-2.1.10.RELEASE.jar:2.1.10.RELEASE]
	at org.springframework.data.repository.core.support.RepositoryFactorySupport$QueryExecutorMethodInterceptor.lookupQuery(RepositoryFactorySupport.java:566) ~[spring-data-commons-2.1.10.RELEASE.jar:2.1.10.RELEASE]
	at org.springframework.data.repository.core.support.RepositoryFactorySupport$QueryExecutorMethodInterceptor.lambda$mapMethodsToQuery$1(RepositoryFactorySupport.java:559) ~[spring-data-commons-2.1.10.RELEASE.jar:2.1.10.RELEASE]
	at java.util.stream.ReferencePipeline$3$1.accept(Unknown Source) ~[na:1.8.0_212]
	at java.util.Iterator.forEachRemaining(Unknown Source) ~[na:1.8.0_212]
	at java.util.Collections$UnmodifiableCollection$1.forEachRemaining(Unknown Source) ~[na:1.8.0_212]
	at java.util.Spliterators$IteratorSpliterator.forEachRemaining(Unknown Source) ~[na:1.8.0_212]
	at java.util.stream.AbstractPipeline.copyInto(Unknown Source) ~[na:1.8.0_212]
	at java.util.stream.AbstractPipeline.wrapAndCopyInto(Unknown Source) ~[na:1.8.0_212]
	at java.util.stream.ReduceOps$ReduceOp.evaluateSequential(Unknown Source) ~[na:1.8.0_212]
	at java.util.stream.AbstractPipeline.evaluate(Unknown Source) ~[na:1.8.0_212]
	at java.util.stream.ReferencePipeline.collect(Unknown Source) ~[na:1.8.0_212]
	at org.springframework.data.repository.core.support.RepositoryFactorySupport$QueryExecutorMethodInterceptor.mapMethodsToQuery(RepositoryFactorySupport.java:561) ~[spring-data-commons-2.1.10.RELEASE.jar:2.1.10.RELEASE]
	at org.springframework.data.repository.core.support.RepositoryFactorySupport$QueryExecutorMethodInterceptor.lambda$new$0(RepositoryFactorySupport.java:551) ~[spring-data-commons-2.1.10.RELEASE.jar:2.1.10.RELEASE]
	at java.util.Optional.map(Unknown Source) ~[na:1.8.0_212]
	at org.springframework.data.repository.core.support.RepositoryFactorySupport$QueryExecutorMethodInterceptor.<init>(RepositoryFactorySupport.java:551) ~[spring-data-commons-2.1.10.RELEASE.jar:2.1.10.RELEASE]
	at org.springframework.data.repository.core.support.RepositoryFactorySupport.getRepository(RepositoryFactorySupport.java:324) ~[spring-data-commons-2.1.10.RELEASE.jar:2.1.10.RELEASE]
	at org.springframework.data.repository.core.support.RepositoryFactoryBeanSupport.lambda$afterPropertiesSet$5(RepositoryFactoryBeanSupport.java:297) ~[spring-data-commons-2.1.10.RELEASE.jar:2.1.10.RELEASE]
	at org.springframework.data.util.Lazy.getNullable(Lazy.java:211) ~[spring-data-commons-2.1.10.RELEASE.jar:2.1.10.RELEASE]
	at org.springframework.data.util.Lazy.get(Lazy.java:94) ~[spring-data-commons-2.1.10.RELEASE.jar:2.1.10.RELEASE]
	at org.springframework.data.repository.core.support.RepositoryFactoryBeanSupport.afterPropertiesSet(RepositoryFactoryBeanSupport.java:300) ~[spring-data-commons-2.1.10.RELEASE.jar:2.1.10.RELEASE]
	at org.springframework.data.jpa.repository.support.JpaRepositoryFactoryBean.afterPropertiesSet(JpaRepositoryFactoryBean.java:121) ~[spring-data-jpa-2.1.10.RELEASE.jar:2.1.10.RELEASE]
	at org.springframework.beans.factory.support.AbstractAutowireCapableBeanFactory.invokeInitMethods(AbstractAutowireCapableBeanFactory.java:1837) ~[spring-beans-5.1.9.RELEASE.jar:5.1.9.RELEASE]
	at org.springframework.beans.factory.support.AbstractAutowireCapableBeanFactory.initializeBean(AbstractAutowireCapableBeanFactory.java:1774) ~[spring-beans-5.1.9.RELEASE.jar:5.1.9.RELEASE]
	... 55 common frames omitted
Caused by: org.springframework.data.mapping.PropertyReferenceException: No property findOne found for type RessourceForestiere!
	at org.springframework.data.mapping.PropertyPath.<init>(PropertyPath.java:94) ~[spring-data-commons-2.1.10.RELEASE.jar:2.1.10.RELEASE]
	at org.springframework.data.mapping.PropertyPath.create(PropertyPath.java:382) ~[spring-data-commons-2.1.10.RELEASE.jar:2.1.10.RELEASE]
	at org.springframework.data.mapping.PropertyPath.create(PropertyPath.java:358) ~[spring-data-commons-2.1.10.RELEASE.jar:2.1.10.RELEASE]
	at org.springframework.data.mapping.PropertyPath.lambda$from$0(PropertyPath.java:311) ~[spring-data-commons-2.1.10.RELEASE.jar:2.1.10.RELEASE]
	at java.util.concurrent.ConcurrentMap.computeIfAbsent(Unknown Source) ~[na:1.8.0_212]
	at org.springframework.data.mapping.PropertyPath.from(PropertyPath.java:293) ~[spring-data-commons-2.1.10.RELEASE.jar:2.1.10.RELEASE]
	at org.springframework.data.mapping.PropertyPath.from(PropertyPath.java:276) ~[spring-data-commons-2.1.10.RELEASE.jar:2.1.10.RELEASE]
	at org.springframework.data.repository.query.parser.Part.<init>(Part.java:81) ~[spring-data-commons-2.1.10.RELEASE.jar:2.1.10.RELEASE]
	at org.springframework.data.repository.query.parser.PartTree$OrPart.lambda$new$0(PartTree.java:250) ~[spring-data-commons-2.1.10.RELEASE.jar:2.1.10.RELEASE]
	at java.util.stream.ReferencePipeline$3$1.accept(Unknown Source) ~[na:1.8.0_212]
	at java.util.stream.ReferencePipeline$2$1.accept(Unknown Source) ~[na:1.8.0_212]
	at java.util.Spliterators$ArraySpliterator.forEachRemaining(Unknown Source) ~[na:1.8.0_212]
	at java.util.stream.AbstractPipeline.copyInto(Unknown Source) ~[na:1.8.0_212]
	at java.util.stream.AbstractPipeline.wrapAndCopyInto(Unknown Source) ~[na:1.8.0_212]
	at java.util.stream.ReduceOps$ReduceOp.evaluateSequential(Unknown Source) ~[na:1.8.0_212]
	at java.util.stream.AbstractPipeline.evaluate(Unknown Source) ~[na:1.8.0_212]
	at java.util.stream.ReferencePipeline.collect(Unknown Source) ~[na:1.8.0_212]
	at org.springframework.data.repository.query.parser.PartTree$OrPart.<init>(PartTree.java:251) ~[spring-data-commons-2.1.10.RELEASE.jar:2.1.10.RELEASE]
	at org.springframework.data.repository.query.parser.PartTree$Predicate.lambda$new$0(PartTree.java:380) ~[spring-data-commons-2.1.10.RELEASE.jar:2.1.10.RELEASE]
	at java.util.stream.ReferencePipeline$3$1.accept(Unknown Source) ~[na:1.8.0_212]
	at java.util.stream.ReferencePipeline$2$1.accept(Unknown Source) ~[na:1.8.0_212]
	at java.util.Spliterators$ArraySpliterator.forEachRemaining(Unknown Source) ~[na:1.8.0_212]
	at java.util.stream.AbstractPipeline.copyInto(Unknown Source) ~[na:1.8.0_212]
	at java.util.stream.AbstractPipeline.wrapAndCopyInto(Unknown Source) ~[na:1.8.0_212]
	at java.util.stream.ReduceOps$ReduceOp.evaluateSequential(Unknown Source) ~[na:1.8.0_212]
	at java.util.stream.AbstractPipeline.evaluate(Unknown Source) ~[na:1.8.0_212]
	at java.util.stream.ReferencePipeline.collect(Unknown Source) ~[na:1.8.0_212]
	at org.springframework.data.repository.query.parser.PartTree$Predicate.<init>(PartTree.java:381) ~[spring-data-commons-2.1.10.RELEASE.jar:2.1.10.RELEASE]
	at org.springframework.data.repository.query.parser.PartTree.<init>(PartTree.java:93) ~[spring-data-commons-2.1.10.RELEASE.jar:2.1.10.RELEASE]
	at org.springframework.data.jpa.repository.query.PartTreeJpaQuery.<init>(PartTreeJpaQuery.java:78) ~[spring-data-jpa-2.1.10.RELEASE.jar:2.1.10.RELEASE]
	... 81 common frames omitted

2019-09-20 00:23:53.890 ERROR 2208 --- [           main] o.s.test.context.TestContextManager      : Caught exception while allowing TestExecutionListener [org.springframework.test.context.web.ServletTestExecutionListener@747ddf94] to prepare test instance [com.softgen.apawebapp.ApawebappApplicationTests@10a907ec]

java.lang.IllegalStateException: Failed to load ApplicationContext
	at org.springframework.test.context.cache.DefaultCacheAwareContextLoaderDelegate.loadContext(DefaultCacheAwareContextLoaderDelegate.java:125) ~[spring-test-5.1.9.RELEASE.jar:5.1.9.RELEASE]
	at org.springframework.test.context.support.DefaultTestContext.getApplicationContext(DefaultTestContext.java:108) ~[spring-test-5.1.9.RELEASE.jar:5.1.9.RELEASE]
	at org.springframework.test.context.web.ServletTestExecutionListener.setUpRequestContextIfNecessary(ServletTestExecutionListener.java:190) ~[spring-test-5.1.9.RELEASE.jar:5.1.9.RELEASE]
	at org.springframework.test.context.web.ServletTestExecutionListener.prepareTestInstance(ServletTestExecutionListener.java:132) ~[spring-test-5.1.9.RELEASE.jar:5.1.9.RELEASE]
	at org.springframework.test.context.TestContextManager.prepareTestInstance(TestContextManager.java:246) ~[spring-test-5.1.9.RELEASE.jar:5.1.9.RELEASE]
	at org.springframework.test.context.junit4.SpringJUnit4ClassRunner.createTest(SpringJUnit4ClassRunner.java:227) [spring-test-5.1.9.RELEASE.jar:5.1.9.RELEASE]
	at org.springframework.test.context.junit4.SpringJUnit4ClassRunner$1.runReflectiveCall(SpringJUnit4ClassRunner.java:289) [spring-test-5.1.9.RELEASE.jar:5.1.9.RELEASE]
	at org.junit.internal.runners.model.ReflectiveCallable.run(ReflectiveCallable.java:12) [junit-4.12.jar:4.12]
	at org.springframework.test.context.junit4.SpringJUnit4ClassRunner.methodBlock(SpringJUnit4ClassRunner.java:291) [spring-test-5.1.9.RELEASE.jar:5.1.9.RELEASE]
	at org.springframework.test.context.junit4.SpringJUnit4ClassRunner.runChild(SpringJUnit4ClassRunner.java:246) [spring-test-5.1.9.RELEASE.jar:5.1.9.RELEASE]
	at org.springframework.test.context.junit4.SpringJUnit4ClassRunner.runChild(SpringJUnit4ClassRunner.java:97) [spring-test-5.1.9.RELEASE.jar:5.1.9.RELEASE]
	at org.junit.runners.ParentRunner$3.run(ParentRunner.java:290) [junit-4.12.jar:4.12]
	at org.junit.runners.ParentRunner$1.schedule(ParentRunner.java:71) [junit-4.12.jar:4.12]
	at org.junit.runners.ParentRunner.runChildren(ParentRunner.java:288) [junit-4.12.jar:4.12]
	at org.junit.runners.ParentRunner.access$000(ParentRunner.java:58) [junit-4.12.jar:4.12]
	at org.junit.runners.ParentRunner$2.evaluate(ParentRunner.java:268) [junit-4.12.jar:4.12]
	at org.springframework.test.context.junit4.statements.RunBeforeTestClassCallbacks.evaluate(RunBeforeTestClassCallbacks.java:61) [spring-test-5.1.9.RELEASE.jar:5.1.9.RELEASE]
	at org.springframework.test.context.junit4.statements.RunAfterTestClassCallbacks.evaluate(RunAfterTestClassCallbacks.java:70) [spring-test-5.1.9.RELEASE.jar:5.1.9.RELEASE]
	at org.junit.runners.ParentRunner.run(ParentRunner.java:363) [junit-4.12.jar:4.12]
	at org.springframework.test.context.junit4.SpringJUnit4ClassRunner.run(SpringJUnit4ClassRunner.java:190) [spring-test-5.1.9.RELEASE.jar:5.1.9.RELEASE]
	at org.apache.maven.surefire.junit4.JUnit4Provider.execute(JUnit4Provider.java:365) [surefire-junit4-2.22.2.jar:2.22.2]
	at org.apache.maven.surefire.junit4.JUnit4Provider.executeWithRerun(JUnit4Provider.java:273) [surefire-junit4-2.22.2.jar:2.22.2]
	at org.apache.maven.surefire.junit4.JUnit4Provider.executeTestSet(JUnit4Provider.java:238) [surefire-junit4-2.22.2.jar:2.22.2]
	at org.apache.maven.surefire.junit4.JUnit4Provider.invoke(JUnit4Provider.java:159) [surefire-junit4-2.22.2.jar:2.22.2]
	at org.apache.maven.surefire.booter.ForkedBooter.invokeProviderInSameClassLoader(ForkedBooter.java:384) [surefire-booter-2.22.2.jar:2.22.2]
	at org.apache.maven.surefire.booter.ForkedBooter.runSuitesInProcess(ForkedBooter.java:345) [surefire-booter-2.22.2.jar:2.22.2]
	at org.apache.maven.surefire.booter.ForkedBooter.execute(ForkedBooter.java:126) [surefire-booter-2.22.2.jar:2.22.2]
	at org.apache.maven.surefire.booter.ForkedBooter.main(ForkedBooter.java:418) [surefire-booter-2.22.2.jar:2.22.2]
Caused by: org.springframework.beans.factory.UnsatisfiedDependencyException: Error creating bean with name 'localisationController': Unsatisfied dependency expressed through field 'ressourceForestiereRepository'; nested exception is org.springframework.beans.factory.BeanCreationException: Error creating bean with name 'ressourceForestiereRepository': Invocation of init method failed; nested exception is java.lang.IllegalArgumentException: Failed to create query for method public abstract com.softgen.apawebapp.model.RessourceForestiere com.softgen.apawebapp.repository.RessourceForestiereRepository.findOne(long)! No property findOne found for type RessourceForestiere!
	at org.springframework.beans.factory.annotation.AutowiredAnnotationBeanPostProcessor$AutowiredFieldElement.inject(AutowiredAnnotationBeanPostProcessor.java:596) ~[spring-beans-5.1.9.RELEASE.jar:5.1.9.RELEASE]
	at org.springframework.beans.factory.annotation.InjectionMetadata.inject(InjectionMetadata.java:90) ~[spring-beans-5.1.9.RELEASE.jar:5.1.9.RELEASE]
	at org.springframework.beans.factory.annotation.AutowiredAnnotationBeanPostProcessor.postProcessProperties(AutowiredAnnotationBeanPostProcessor.java:374) ~[spring-beans-5.1.9.RELEASE.jar:5.1.9.RELEASE]
	at org.springframework.beans.factory.support.AbstractAutowireCapableBeanFactory.populateBean(AbstractAutowireCapableBeanFactory.java:1411) ~[spring-beans-5.1.9.RELEASE.jar:5.1.9.RELEASE]
	at org.springframework.beans.factory.support.AbstractAutowireCapableBeanFactory.doCreateBean(AbstractAutowireCapableBeanFactory.java:592) ~[spring-beans-5.1.9.RELEASE.jar:5.1.9.RELEASE]
	at org.springframework.beans.factory.support.AbstractAutowireCapableBeanFactory.createBean(AbstractAutowireCapableBeanFactory.java:515) ~[spring-beans-5.1.9.RELEASE.jar:5.1.9.RELEASE]
	at org.springframework.beans.factory.support.AbstractBeanFactory.lambda$doGetBean$0(AbstractBeanFactory.java:320) ~[spring-beans-5.1.9.RELEASE.jar:5.1.9.RELEASE]
	at org.springframework.beans.factory.support.DefaultSingletonBeanRegistry.getSingleton(DefaultSingletonBeanRegistry.java:222) ~[spring-beans-5.1.9.RELEASE.jar:5.1.9.RELEASE]
	at org.springframework.beans.factory.support.AbstractBeanFactory.doGetBean(AbstractBeanFactory.java:318) ~[spring-beans-5.1.9.RELEASE.jar:5.1.9.RELEASE]
	at org.springframework.beans.factory.support.AbstractBeanFactory.getBean(AbstractBeanFactory.java:199) ~[spring-beans-5.1.9.RELEASE.jar:5.1.9.RELEASE]
	at org.springframework.beans.factory.support.DefaultListableBeanFactory.preInstantiateSingletons(DefaultListableBeanFactory.java:845) ~[spring-beans-5.1.9.RELEASE.jar:5.1.9.RELEASE]
	at org.springframework.context.support.AbstractApplicationContext.finishBeanFactoryInitialization(AbstractApplicationContext.java:877) ~[spring-context-5.1.9.RELEASE.jar:5.1.9.RELEASE]
	at org.springframework.context.support.AbstractApplicationContext.refresh(AbstractApplicationContext.java:549) ~[spring-context-5.1.9.RELEASE.jar:5.1.9.RELEASE]
	at org.springframework.boot.SpringApplication.refresh(SpringApplication.java:744) ~[spring-boot-2.1.8.RELEASE.jar:2.1.8.RELEASE]
	at org.springframework.boot.SpringApplication.refreshContext(SpringApplication.java:391) ~[spring-boot-2.1.8.RELEASE.jar:2.1.8.RELEASE]
	at org.springframework.boot.SpringApplication.run(SpringApplication.java:312) ~[spring-boot-2.1.8.RELEASE.jar:2.1.8.RELEASE]
	at org.springframework.boot.test.context.SpringBootContextLoader.loadContext(SpringBootContextLoader.java:120) ~[spring-boot-test-2.1.8.RELEASE.jar:2.1.8.RELEASE]
	at org.springframework.test.context.cache.DefaultCacheAwareContextLoaderDelegate.loadContextInternal(DefaultCacheAwareContextLoaderDelegate.java:99) ~[spring-test-5.1.9.RELEASE.jar:5.1.9.RELEASE]
	at org.springframework.test.context.cache.DefaultCacheAwareContextLoaderDelegate.loadContext(DefaultCacheAwareContextLoaderDelegate.java:117) ~[spring-test-5.1.9.RELEASE.jar:5.1.9.RELEASE]
	... 27 common frames omitted
Caused by: org.springframework.beans.factory.BeanCreationException: Error creating bean with name 'ressourceForestiereRepository': Invocation of init method failed; nested exception is java.lang.IllegalArgumentException: Failed to create query for method public abstract com.softgen.apawebapp.model.RessourceForestiere com.softgen.apawebapp.repository.RessourceForestiereRepository.findOne(long)! No property findOne found for type RessourceForestiere!
	at org.springframework.beans.factory.support.AbstractAutowireCapableBeanFactory.initializeBean(AbstractAutowireCapableBeanFactory.java:1778) ~[spring-beans-5.1.9.RELEASE.jar:5.1.9.RELEASE]
	at org.springframework.beans.factory.support.AbstractAutowireCapableBeanFactory.doCreateBean(AbstractAutowireCapableBeanFactory.java:593) ~[spring-beans-5.1.9.RELEASE.jar:5.1.9.RELEASE]
	at org.springframework.beans.factory.support.AbstractAutowireCapableBeanFactory.createBean(AbstractAutowireCapableBeanFactory.java:515) ~[spring-beans-5.1.9.RELEASE.jar:5.1.9.RELEASE]
	at org.springframework.beans.factory.support.AbstractBeanFactory.lambda$doGetBean$0(AbstractBeanFactory.java:320) ~[spring-beans-5.1.9.RELEASE.jar:5.1.9.RELEASE]
	at org.springframework.beans.factory.support.DefaultSingletonBeanRegistry.getSingleton(DefaultSingletonBeanRegistry.java:222) ~[spring-beans-5.1.9.RELEASE.jar:5.1.9.RELEASE]
	at org.springframework.beans.factory.support.AbstractBeanFactory.doGetBean(AbstractBeanFactory.java:318) ~[spring-beans-5.1.9.RELEASE.jar:5.1.9.RELEASE]
	at org.springframework.beans.factory.support.AbstractBeanFactory.getBean(AbstractBeanFactory.java:199) ~[spring-beans-5.1.9.RELEASE.jar:5.1.9.RELEASE]
	at org.springframework.beans.factory.config.DependencyDescriptor.resolveCandidate(DependencyDescriptor.java:277) ~[spring-beans-5.1.9.RELEASE.jar:5.1.9.RELEASE]
	at org.springframework.beans.factory.support.DefaultListableBeanFactory.doResolveDependency(DefaultListableBeanFactory.java:1251) ~[spring-beans-5.1.9.RELEASE.jar:5.1.9.RELEASE]
	at org.springframework.beans.factory.support.DefaultListableBeanFactory.resolveDependency(DefaultListableBeanFactory.java:1171) ~[spring-beans-5.1.9.RELEASE.jar:5.1.9.RELEASE]
	at org.springframework.beans.factory.annotation.AutowiredAnnotationBeanPostProcessor$AutowiredFieldElement.inject(AutowiredAnnotationBeanPostProcessor.java:593) ~[spring-beans-5.1.9.RELEASE.jar:5.1.9.RELEASE]
	... 45 common frames omitted
Caused by: java.lang.IllegalArgumentException: Failed to create query for method public abstract com.softgen.apawebapp.model.RessourceForestiere com.softgen.apawebapp.repository.RessourceForestiereRepository.findOne(long)! No property findOne found for type RessourceForestiere!
	at org.springframework.data.jpa.repository.query.PartTreeJpaQuery.<init>(PartTreeJpaQuery.java:84) ~[spring-data-jpa-2.1.10.RELEASE.jar:2.1.10.RELEASE]
	at org.springframework.data.jpa.repository.query.JpaQueryLookupStrategy$CreateQueryLookupStrategy.resolveQuery(JpaQueryLookupStrategy.java:106) ~[spring-data-jpa-2.1.10.RELEASE.jar:2.1.10.RELEASE]
	at org.springframework.data.jpa.repository.query.JpaQueryLookupStrategy$CreateIfNotFoundQueryLookupStrategy.resolveQuery(JpaQueryLookupStrategy.java:211) ~[spring-data-jpa-2.1.10.RELEASE.jar:2.1.10.RELEASE]
	at org.springframework.data.jpa.repository.query.JpaQueryLookupStrategy$AbstractQueryLookupStrategy.resolveQuery(JpaQueryLookupStrategy.java:79) ~[spring-data-jpa-2.1.10.RELEASE.jar:2.1.10.RELEASE]
	at org.springframework.data.repository.core.support.RepositoryFactorySupport$QueryExecutorMethodInterceptor.lookupQuery(RepositoryFactorySupport.java:566) ~[spring-data-commons-2.1.10.RELEASE.jar:2.1.10.RELEASE]
	at org.springframework.data.repository.core.support.RepositoryFactorySupport$QueryExecutorMethodInterceptor.lambda$mapMethodsToQuery$1(RepositoryFactorySupport.java:559) ~[spring-data-commons-2.1.10.RELEASE.jar:2.1.10.RELEASE]
	at java.util.stream.ReferencePipeline$3$1.accept(Unknown Source) ~[na:1.8.0_212]
	at java.util.Iterator.forEachRemaining(Unknown Source) ~[na:1.8.0_212]
	at java.util.Collections$UnmodifiableCollection$1.forEachRemaining(Unknown Source) ~[na:1.8.0_212]
	at java.util.Spliterators$IteratorSpliterator.forEachRemaining(Unknown Source) ~[na:1.8.0_212]
	at java.util.stream.AbstractPipeline.copyInto(Unknown Source) ~[na:1.8.0_212]
	at java.util.stream.AbstractPipeline.wrapAndCopyInto(Unknown Source) ~[na:1.8.0_212]
	at java.util.stream.ReduceOps$ReduceOp.evaluateSequential(Unknown Source) ~[na:1.8.0_212]
	at java.util.stream.AbstractPipeline.evaluate(Unknown Source) ~[na:1.8.0_212]
	at java.util.stream.ReferencePipeline.collect(Unknown Source) ~[na:1.8.0_212]
	at org.springframework.data.repository.core.support.RepositoryFactorySupport$QueryExecutorMethodInterceptor.mapMethodsToQuery(RepositoryFactorySupport.java:561) ~[spring-data-commons-2.1.10.RELEASE.jar:2.1.10.RELEASE]
	at org.springframework.data.repository.core.support.RepositoryFactorySupport$QueryExecutorMethodInterceptor.lambda$new$0(RepositoryFactorySupport.java:551) ~[spring-data-commons-2.1.10.RELEASE.jar:2.1.10.RELEASE]
	at java.util.Optional.map(Unknown Source) ~[na:1.8.0_212]
	at org.springframework.data.repository.core.support.RepositoryFactorySupport$QueryExecutorMethodInterceptor.<init>(RepositoryFactorySupport.java:551) ~[spring-data-commons-2.1.10.RELEASE.jar:2.1.10.RELEASE]
	at org.springframework.data.repository.core.support.RepositoryFactorySupport.getRepository(RepositoryFactorySupport.java:324) ~[spring-data-commons-2.1.10.RELEASE.jar:2.1.10.RELEASE]
	at org.springframework.data.repository.core.support.RepositoryFactoryBeanSupport.lambda$afterPropertiesSet$5(RepositoryFactoryBeanSupport.java:297) ~[spring-data-commons-2.1.10.RELEASE.jar:2.1.10.RELEASE]
	at org.springframework.data.util.Lazy.getNullable(Lazy.java:211) ~[spring-data-commons-2.1.10.RELEASE.jar:2.1.10.RELEASE]
	at org.springframework.data.util.Lazy.get(Lazy.java:94) ~[spring-data-commons-2.1.10.RELEASE.jar:2.1.10.RELEASE]
	at org.springframework.data.repository.core.support.RepositoryFactoryBeanSupport.afterPropertiesSet(RepositoryFactoryBeanSupport.java:300) ~[spring-data-commons-2.1.10.RELEASE.jar:2.1.10.RELEASE]
	at org.springframework.data.jpa.repository.support.JpaRepositoryFactoryBean.afterPropertiesSet(JpaRepositoryFactoryBean.java:121) ~[spring-data-jpa-2.1.10.RELEASE.jar:2.1.10.RELEASE]
	at org.springframework.beans.factory.support.AbstractAutowireCapableBeanFactory.invokeInitMethods(AbstractAutowireCapableBeanFactory.java:1837) ~[spring-beans-5.1.9.RELEASE.jar:5.1.9.RELEASE]
	at org.springframework.beans.factory.support.AbstractAutowireCapableBeanFactory.initializeBean(AbstractAutowireCapableBeanFactory.java:1774) ~[spring-beans-5.1.9.RELEASE.jar:5.1.9.RELEASE]
	... 55 common frames omitted
Caused by: org.springframework.data.mapping.PropertyReferenceException: No property findOne found for type RessourceForestiere!
	at org.springframework.data.mapping.PropertyPath.<init>(PropertyPath.java:94) ~[spring-data-commons-2.1.10.RELEASE.jar:2.1.10.RELEASE]
	at org.springframework.data.mapping.PropertyPath.create(PropertyPath.java:382) ~[spring-data-commons-2.1.10.RELEASE.jar:2.1.10.RELEASE]
	at org.springframework.data.mapping.PropertyPath.create(PropertyPath.java:358) ~[spring-data-commons-2.1.10.RELEASE.jar:2.1.10.RELEASE]
	at org.springframework.data.mapping.PropertyPath.lambda$from$0(PropertyPath.java:311) ~[spring-data-commons-2.1.10.RELEASE.jar:2.1.10.RELEASE]
	at java.util.concurrent.ConcurrentMap.computeIfAbsent(Unknown Source) ~[na:1.8.0_212]
	at org.springframework.data.mapping.PropertyPath.from(PropertyPath.java:293) ~[spring-data-commons-2.1.10.RELEASE.jar:2.1.10.RELEASE]
	at org.springframework.data.mapping.PropertyPath.from(PropertyPath.java:276) ~[spring-data-commons-2.1.10.RELEASE.jar:2.1.10.RELEASE]
	at org.springframework.data.repository.query.parser.Part.<init>(Part.java:81) ~[spring-data-commons-2.1.10.RELEASE.jar:2.1.10.RELEASE]
	at org.springframework.data.repository.query.parser.PartTree$OrPart.lambda$new$0(PartTree.java:250) ~[spring-data-commons-2.1.10.RELEASE.jar:2.1.10.RELEASE]
	at java.util.stream.ReferencePipeline$3$1.accept(Unknown Source) ~[na:1.8.0_212]
	at java.util.stream.ReferencePipeline$2$1.accept(Unknown Source) ~[na:1.8.0_212]
	at java.util.Spliterators$ArraySpliterator.forEachRemaining(Unknown Source) ~[na:1.8.0_212]
	at java.util.stream.AbstractPipeline.copyInto(Unknown Source) ~[na:1.8.0_212]
	at java.util.stream.AbstractPipeline.wrapAndCopyInto(Unknown Source) ~[na:1.8.0_212]
	at java.util.stream.ReduceOps$ReduceOp.evaluateSequential(Unknown Source) ~[na:1.8.0_212]
	at java.util.stream.AbstractPipeline.evaluate(Unknown Source) ~[na:1.8.0_212]
	at java.util.stream.ReferencePipeline.collect(Unknown Source) ~[na:1.8.0_212]
	at org.springframework.data.repository.query.parser.PartTree$OrPart.<init>(PartTree.java:251) ~[spring-data-commons-2.1.10.RELEASE.jar:2.1.10.RELEASE]
	at org.springframework.data.repository.query.parser.PartTree$Predicate.lambda$new$0(PartTree.java:380) ~[spring-data-commons-2.1.10.RELEASE.jar:2.1.10.RELEASE]
	at java.util.stream.ReferencePipeline$3$1.accept(Unknown Source) ~[na:1.8.0_212]
	at java.util.stream.ReferencePipeline$2$1.accept(Unknown Source) ~[na:1.8.0_212]
	at java.util.Spliterators$ArraySpliterator.forEachRemaining(Unknown Source) ~[na:1.8.0_212]
	at java.util.stream.AbstractPipeline.copyInto(Unknown Source) ~[na:1.8.0_212]
	at java.util.stream.AbstractPipeline.wrapAndCopyInto(Unknown Source) ~[na:1.8.0_212]
	at java.util.stream.ReduceOps$ReduceOp.evaluateSequential(Unknown Source) ~[na:1.8.0_212]
	at java.util.stream.AbstractPipeline.evaluate(Unknown Source) ~[na:1.8.0_212]
	at java.util.stream.ReferencePipeline.collect(Unknown Source) ~[na:1.8.0_212]
	at org.springframework.data.repository.query.parser.PartTree$Predicate.<init>(PartTree.java:381) ~[spring-data-commons-2.1.10.RELEASE.jar:2.1.10.RELEASE]
	at org.springframework.data.repository.query.parser.PartTree.<init>(PartTree.java:93) ~[spring-data-commons-2.1.10.RELEASE.jar:2.1.10.RELEASE]
	at org.springframework.data.jpa.repository.query.PartTreeJpaQuery.<init>(PartTreeJpaQuery.java:78) ~[spring-data-jpa-2.1.10.RELEASE.jar:2.1.10.RELEASE]
	... 81 common frames omitted

]]></system-out>
  </testcase>
</testsuite>